running egg_info
creating ../../build/hybrid_planning/hybrid_planning.egg-info
writing ../../build/hybrid_planning/hybrid_planning.egg-info/PKG-INFO
writing dependency_links to ../../build/hybrid_planning/hybrid_planning.egg-info/dependency_links.txt
writing entry points to ../../build/hybrid_planning/hybrid_planning.egg-info/entry_points.txt
writing requirements to ../../build/hybrid_planning/hybrid_planning.egg-info/requires.txt
writing top-level names to ../../build/hybrid_planning/hybrid_planning.egg-info/top_level.txt
writing manifest file '../../build/hybrid_planning/hybrid_planning.egg-info/SOURCES.txt'
reading manifest file '../../build/hybrid_planning/hybrid_planning.egg-info/SOURCES.txt'
writing manifest file '../../build/hybrid_planning/hybrid_planning.egg-info/SOURCES.txt'
running build
running build_py
creating /home/nischaysoni/ros2_ws/build/hybrid_planning/build
creating /home/nischaysoni/ros2_ws/build/hybrid_planning/build/lib
creating /home/nischaysoni/ros2_ws/build/hybrid_planning/build/lib/hybrid_planning
copying hybrid_planning/replanner.py -> /home/nischaysoni/ros2_ws/build/hybrid_planning/build/lib/hybrid_planning
copying hybrid_planning/__init__.py -> /home/nischaysoni/ros2_ws/build/hybrid_planning/build/lib/hybrid_planning
copying hybrid_planning/monitor_motion.py -> /home/nischaysoni/ros2_ws/build/hybrid_planning/build/lib/hybrid_planning
copying hybrid_planning/sequential_controller.py -> /home/nischaysoni/ros2_ws/build/hybrid_planning/build/lib/hybrid_planning
running install
running install_lib
creating /home/nischaysoni/ros2_ws/install/hybrid_planning/lib/python3.12/site-packages/hybrid_planning
copying /home/nischaysoni/ros2_ws/build/hybrid_planning/build/lib/hybrid_planning/replanner.py -> /home/nischaysoni/ros2_ws/install/hybrid_planning/lib/python3.12/site-packages/hybrid_planning
copying /home/nischaysoni/ros2_ws/build/hybrid_planning/build/lib/hybrid_planning/__init__.py -> /home/nischaysoni/ros2_ws/install/hybrid_planning/lib/python3.12/site-packages/hybrid_planning
copying /home/nischaysoni/ros2_ws/build/hybrid_planning/build/lib/hybrid_planning/monitor_motion.py -> /home/nischaysoni/ros2_ws/install/hybrid_planning/lib/python3.12/site-packages/hybrid_planning
copying /home/nischaysoni/ros2_ws/build/hybrid_planning/build/lib/hybrid_planning/sequential_controller.py -> /home/nischaysoni/ros2_ws/install/hybrid_planning/lib/python3.12/site-packages/hybrid_planning
byte-compiling /home/nischaysoni/ros2_ws/install/hybrid_planning/lib/python3.12/site-packages/hybrid_planning/replanner.py to replanner.cpython-312.pyc
byte-compiling /home/nischaysoni/ros2_ws/install/hybrid_planning/lib/python3.12/site-packages/hybrid_planning/__init__.py to __init__.cpython-312.pyc
byte-compiling /home/nischaysoni/ros2_ws/install/hybrid_planning/lib/python3.12/site-packages/hybrid_planning/monitor_motion.py to monitor_motion.cpython-312.pyc
byte-compiling /home/nischaysoni/ros2_ws/install/hybrid_planning/lib/python3.12/site-packages/hybrid_planning/sequential_controller.py to sequential_controller.cpython-312.pyc
running install_data
creating /home/nischaysoni/ros2_ws/install/hybrid_planning/share/ament_index
creating /home/nischaysoni/ros2_ws/install/hybrid_planning/share/ament_index/resource_index
creating /home/nischaysoni/ros2_ws/install/hybrid_planning/share/ament_index/resource_index/packages
copying resource/hybrid_planning -> /home/nischaysoni/ros2_ws/install/hybrid_planning/share/ament_index/resource_index/packages
copying package.xml -> /home/nischaysoni/ros2_ws/install/hybrid_planning/share/hybrid_planning
creating /home/nischaysoni/ros2_ws/install/hybrid_planning/share/hybrid_planning/launch
copying launch/hybrid_run.launch.py -> /home/nischaysoni/ros2_ws/install/hybrid_planning/share/hybrid_planning/launch
copying launch/sequential_run.launch.py -> /home/nischaysoni/ros2_ws/install/hybrid_planning/share/hybrid_planning/launch
creating /home/nischaysoni/ros2_ws/install/hybrid_planning/share/hybrid_planning/pddl
copying pddl/hybrid_problem.pddl -> /home/nischaysoni/ros2_ws/install/hybrid_planning/share/hybrid_planning/pddl
copying pddl/hybrid_domain.pddl -> /home/nischaysoni/ros2_ws/install/hybrid_planning/share/hybrid_planning/pddl
running install_egg_info
Copying ../../build/hybrid_planning/hybrid_planning.egg-info to /home/nischaysoni/ros2_ws/install/hybrid_planning/lib/python3.12/site-packages/hybrid_planning-0.0.0-py3.12.egg-info
running install_scripts
Installing monitor_motion script to /home/nischaysoni/ros2_ws/install/hybrid_planning/lib/hybrid_planning
Installing replanner script to /home/nischaysoni/ros2_ws/install/hybrid_planning/lib/hybrid_planning
Installing sequential_controller script to /home/nischaysoni/ros2_ws/install/hybrid_planning/lib/hybrid_planning
writing list of installed files to '/home/nischaysoni/ros2_ws/build/hybrid_planning/install.log'
