/home/nischaysoni/ros2_ws/install/hybrid_planning/lib/python3.12/site-packages/hybrid_planning/replanner.py
/home/nischaysoni/ros2_ws/install/hybrid_planning/lib/python3.12/site-packages/hybrid_planning/__init__.py
/home/nischaysoni/ros2_ws/install/hybrid_planning/lib/python3.12/site-packages/hybrid_planning/monitor_motion.py
/home/nischaysoni/ros2_ws/install/hybrid_planning/lib/python3.12/site-packages/hybrid_planning/sequential_controller.py
/home/nischaysoni/ros2_ws/install/hybrid_planning/lib/python3.12/site-packages/hybrid_planning/__pycache__/replanner.cpython-312.pyc
/home/nischaysoni/ros2_ws/install/hybrid_planning/lib/python3.12/site-packages/hybrid_planning/__pycache__/__init__.cpython-312.pyc
/home/nischaysoni/ros2_ws/install/hybrid_planning/lib/python3.12/site-packages/hybrid_planning/__pycache__/monitor_motion.cpython-312.pyc
/home/nischaysoni/ros2_ws/install/hybrid_planning/lib/python3.12/site-packages/hybrid_planning/__pycache__/sequential_controller.cpython-312.pyc
/home/nischaysoni/ros2_ws/install/hybrid_planning/share/ament_index/resource_index/packages/hybrid_planning
/home/nischaysoni/ros2_ws/install/hybrid_planning/share/hybrid_planning/package.xml
/home/nischaysoni/ros2_ws/install/hybrid_planning/share/hybrid_planning/launch/hybrid_run.launch.py
/home/nischaysoni/ros2_ws/install/hybrid_planning/share/hybrid_planning/launch/sequential_run.launch.py
/home/nischaysoni/ros2_ws/install/hybrid_planning/share/hybrid_planning/pddl/hybrid_problem.pddl
/home/nischaysoni/ros2_ws/install/hybrid_planning/share/hybrid_planning/pddl/hybrid_domain.pddl
/home/nischaysoni/ros2_ws/install/hybrid_planning/lib/python3.12/site-packages/hybrid_planning-0.0.0-py3.12.egg-info/zip-safe
/home/nischaysoni/ros2_ws/install/hybrid_planning/lib/python3.12/site-packages/hybrid_planning-0.0.0-py3.12.egg-info/requires.txt
/home/nischaysoni/ros2_ws/install/hybrid_planning/lib/python3.12/site-packages/hybrid_planning-0.0.0-py3.12.egg-info/dependency_links.txt
/home/nischaysoni/ros2_ws/install/hybrid_planning/lib/python3.12/site-packages/hybrid_planning-0.0.0-py3.12.egg-info/top_level.txt
/home/nischaysoni/ros2_ws/install/hybrid_planning/lib/python3.12/site-packages/hybrid_planning-0.0.0-py3.12.egg-info/PKG-INFO
/home/nischaysoni/ros2_ws/install/hybrid_planning/lib/python3.12/site-packages/hybrid_planning-0.0.0-py3.12.egg-info/entry_points.txt
/home/nischaysoni/ros2_ws/install/hybrid_planning/lib/python3.12/site-packages/hybrid_planning-0.0.0-py3.12.egg-info/SOURCES.txt
/home/nischaysoni/ros2_ws/install/hybrid_planning/lib/hybrid_planning/monitor_motion
/home/nischaysoni/ros2_ws/install/hybrid_planning/lib/hybrid_planning/replanner
/home/nischaysoni/ros2_ws/install/hybrid_planning/lib/hybrid_planning/sequential_controller
